102.10.04 10:12 B C:\web\primekit\PrimeKit02.09.30\.DS_Store <-- reed.edu /home/physics/crandall/legal/PSI/PrimeKit02.09.30 .DS_Store
102.10.04 10:12 B C:\web\primekit\PrimeKit02.09.30\2.1.2.euclidgcd.nb <-- reed.edu /home/physics/crandall/legal/PSI/PrimeKit02.09.30 2.1.2.euclidgcd.nb
102.10.04 10:12 B C:\web\primekit\PrimeKit02.09.30\2.1.4.extendedeuclid.nb <-- reed.edu /home/physics/crandall/legal/PSI/PrimeKit02.09.30 2.1.4.extendedeuclid.nb
102.10.04 10:12 B C:\web\primekit\PrimeKit02.09.30\2.1.5.powereasy.nb <-- reed.edu /home/physics/crandall/legal/PSI/PrimeKit02.09.30 2.1.5.powereasy.nb
102.10.04 10:12 B C:\web\primekit\PrimeKit02.09.30\2.1.7.crtgarner.nb <-- reed.edu /home/physics/crandall/legal/PSI/PrimeKit02.09.30 2.1.7.crtgarner.nb
102.10.04 10:12 B C:\web\primekit\PrimeKit02.09.30\2.2.1.polygcd.nb <-- reed.edu /home/physics/crandall/legal/PSI/PrimeKit02.09.30 2.2.1.polygcd.nb
102.10.04 10:12 B C:\web\primekit\PrimeKit02.09.30\2.2.2.polyextgcd.nb <-- reed.edu /home/physics/crandall/legal/PSI/PrimeKit02.09.30 2.2.2.polyextgcd.nb
102.10.04 10:12 B C:\web\primekit\PrimeKit02.09.30\2.2.9.irreducible.nb <-- reed.edu /home/physics/crandall/legal/PSI/PrimeKit02.09.30 2.2.9.irreducible.nb
102.10.04 10:12 B C:\web\primekit\PrimeKit02.09.30\2.3.10.polyroots.nb <-- reed.edu /home/physics/crandall/legal/PSI/PrimeKit02.09.30 2.3.10.polyroots.nb
102.10.04 10:12 B C:\web\primekit\PrimeKit02.09.30\2.3.11.hensel.nb <-- reed.edu /home/physics/crandall/legal/PSI/PrimeKit02.09.30 2.3.11.hensel.nb
102.10.04 10:12 B C:\web\primekit\PrimeKit02.09.30\2.3.12.cornacchia1.nb <-- reed.edu /home/physics/crandall/legal/PSI/PrimeKit02.09.30 2.3.12.cornacchia1.nb
102.10.04 10:12 B C:\web\primekit\PrimeKit02.09.30\2.3.13.cornacchia2.nb <-- reed.edu /home/physics/crandall/legal/PSI/PrimeKit02.09.30 2.3.13.cornacchia2.nb
102.10.04 10:12 B C:\web\primekit\PrimeKit02.09.30\2.3.5.legjac.nb <-- reed.edu /home/physics/crandall/legal/PSI/PrimeKit02.09.30 2.3.5.legjac.nb
102.10.04 10:12 B C:\web\primekit\PrimeKit02.09.30\2.3.9.squareroots2.nb <-- reed.edu /home/physics/crandall/legal/PSI/PrimeKit02.09.30 2.3.9.squareroots2.nb
102.10.04 10:12 B C:\web\primekit\PrimeKit02.09.30\3.1.1.trialdiv.nb <-- reed.edu /home/physics/crandall/legal/PSI/PrimeKit02.09.30 3.1.1.trialdiv.nb
102.10.04 10:12 B C:\web\primekit\PrimeKit02.09.30\3.2.1.eratpractical.nb <-- reed.edu /home/physics/crandall/legal/PSI/PrimeKit02.09.30 3.2.1.eratpractical.nb
102.10.04 10:12 B C:\web\primekit\PrimeKit02.09.30\3.2.2.eratfancy.nb <-- reed.edu /home/physics/crandall/legal/PSI/PrimeKit02.09.30 3.2.2.eratfancy.nb
102.10.04 10:12 B C:\web\primekit\PrimeKit02.09.30\3.3.3.probprime.nb <-- reed.edu /home/physics/crandall/legal/PSI/PrimeKit02.09.30 3.3.3.probprime.nb
102.10.04 10:12 B C:\web\primekit\PrimeKit02.09.30\3.4.13.millertest.nb <-- reed.edu /home/physics/crandall/legal/PSI/PrimeKit02.09.30 3.4.13.millertest.nb
102.10.04 10:12 B C:\web\primekit\PrimeKit02.09.30\3.4.2.strongprobprime.nb <-- reed.edu /home/physics/crandall/legal/PSI/PrimeKit02.09.30 3.4.2.strongprobprime.nb
102.10.04 10:12 B C:\web\primekit\PrimeKit02.09.30\3.4.6.randcomptest.nb <-- reed.edu /home/physics/crandall/legal/PSI/PrimeKit02.09.30 3.4.6.randcomptest.nb
102.10.04 10:12 B C:\web\primekit\PrimeKit02.09.30\3.4.7.industprime.nb <-- reed.edu /home/physics/crandall/legal/PSI/PrimeKit02.09.30 3.4.7.industprime.nb
102.10.04 10:12 B C:\web\primekit\PrimeKit02.09.30\3.5.7.lucaschain.nb <-- reed.edu /home/physics/crandall/legal/PSI/PrimeKit02.09.30 3.5.7.lucaschain.nb
102.10.04 10:12 B C:\web\primekit\PrimeKit02.09.30\3.5.9.lucasprobprime.nb <-- reed.edu /home/physics/crandall/legal/PSI/PrimeKit02.09.30 3.5.9.lucasprobprime.nb
102.10.04 10:12 B C:\web\primekit\PrimeKit02.09.30\4.1.7.nminus1test.nb <-- reed.edu /home/physics/crandall/legal/PSI/PrimeKit02.09.30 4.1.7.nminus1test.nb
102.10.04 10:12 B C:\web\primekit\PrimeKit02.09.30\4.2.11.divresclass.nb <-- reed.edu /home/physics/crandall/legal/PSI/PrimeKit02.09.30 4.2.11.divresclass.nb
102.10.04 10:12 B C:\web\primekit\PrimeKit02.09.30\4.2.7.lucaslehmer.nb <-- reed.edu /home/physics/crandall/legal/PSI/PrimeKit02.09.30 4.2.7.lucaslehmer.nb
102.10.04 10:12 B C:\web\primekit\PrimeKit02.09.30\4.3.2.princgen.nb <-- reed.edu /home/physics/crandall/legal/PSI/PrimeKit02.09.30 4.3.2.princgen.nb
102.10.04 10:12 B C:\web\primekit\PrimeKit02.09.30\4.3.4.ffprimetest.nb <-- reed.edu /home/physics/crandall/legal/PSI/PrimeKit02.09.30 4.3.4.ffprimetest.nb
102.10.04 10:12 B C:\web\primekit\PrimeKit02.09.30\4.4.4.gaussprimetest.nb <-- reed.edu /home/physics/crandall/legal/PSI/PrimeKit02.09.30 4.4.4.gaussprimetest.nb
102.10.04 10:12 B C:\web\primekit\PrimeKit02.09.30\5.1.1.fermat.nb <-- reed.edu /home/physics/crandall/legal/PSI/PrimeKit02.09.30 5.1.1.fermat.nb
102.10.04 10:12 B C:\web\primekit\PrimeKit02.09.30\5.1.2.lehman.nb <-- reed.edu /home/physics/crandall/legal/PSI/PrimeKit02.09.30 5.1.2.lehman.nb
102.10.04 10:13 B C:\web\primekit\PrimeKit02.09.30\5.2.1.pollardrho.nb <-- reed.edu /home/physics/crandall/legal/PSI/PrimeKit02.09.30 5.2.1.pollardrho.nb
102.10.04 10:13 B C:\web\primekit\PrimeKit02.09.30\5.3.1.babygiantlog.nb <-- reed.edu /home/physics/crandall/legal/PSI/PrimeKit02.09.30 5.3.1.babygiantlog.nb
102.10.04 10:13 B C:\web\primekit\PrimeKit02.09.30\5.4.1.pollardpminus1.nb <-- reed.edu /home/physics/crandall/legal/PSI/PrimeKit02.09.30 5.4.1.pollardpminus1.nb
102.10.04 10:13 B C:\web\primekit\PrimeKit02.09.30\5.6.2.reduction.nb <-- reed.edu /home/physics/crandall/legal/PSI/PrimeKit02.09.30 5.6.2.reduction.nb
102.10.04 10:13 B C:\web\primekit\PrimeKit02.09.30\5.6.3.mckee.nb <-- reed.edu /home/physics/crandall/legal/PSI/PrimeKit02.09.30 5.6.3.mckee.nb
102.10.04 10:13 B C:\web\primekit\PrimeKit02.09.30\5.6.7.compforms.nb <-- reed.edu /home/physics/crandall/legal/PSI/PrimeKit02.09.30 5.6.7.compforms.nb
102.10.04 10:13 B C:\web\primekit\PrimeKit02.09.30\6.1.1.basicquadsieve.nb <-- reed.edu /home/physics/crandall/legal/PSI/PrimeKit02.09.30 6.1.1.basicquadsieve.nb
102.10.04 10:13 B C:\web\primekit\PrimeKit02.09.30\6.2.5.numfieldsieve.nb <-- reed.edu /home/physics/crandall/legal/PSI/PrimeKit02.09.30 6.2.5.numfieldsieve.nb
102.10.04 10:13 B C:\web\primekit\PrimeKit02.09.30\6.4.1.indexcal.nb <-- reed.edu /home/physics/crandall/legal/PSI/PrimeKit02.09.30 6.4.1.indexcal.nb
102.10.04 10:13 B C:\web\primekit\PrimeKit02.09.30\7.2.1.ellipticpoint.nb <-- reed.edu /home/physics/crandall/legal/PSI/PrimeKit02.09.30 7.2.1.ellipticpoint.nb
102.10.04 10:13 B C:\web\primekit\PrimeKit02.09.30\7.2.2.ellipticadd1.nb <-- reed.edu /home/physics/crandall/legal/PSI/PrimeKit02.09.30 7.2.2.ellipticadd1.nb
102.10.04 10:13 B C:\web\primekit\PrimeKit02.09.30\7.2.3.ellipticadd2.nb <-- reed.edu /home/physics/crandall/legal/PSI/PrimeKit02.09.30 7.2.3.ellipticadd2.nb
102.10.04 10:13 B C:\web\primekit\PrimeKit02.09.30\7.2.4.ellipticladder.nb <-- reed.edu /home/physics/crandall/legal/PSI/PrimeKit02.09.30 7.2.4.ellipticladder.nb
102.10.04 10:13 B C:\web\primekit\PrimeKit02.09.30\7.2.7.ellipticmulmont.nb <-- reed.edu /home/physics/crandall/legal/PSI/PrimeKit02.09.30 7.2.7.ellipticmulmont.nb
102.10.04 10:13 B C:\web\primekit\PrimeKit02.09.30\7.2.8.ellipticaddtest.nb <-- reed.edu /home/physics/crandall/legal/PSI/PrimeKit02.09.30 7.2.8.ellipticaddtest.nb
102.10.04 10:13 B C:\web\primekit\PrimeKit02.09.30\7.4.2.lenstraecm.nb <-- reed.edu /home/physics/crandall/legal/PSI/PrimeKit02.09.30 7.4.2.lenstraecm.nb
102.10.04 10:13 B C:\web\primekit\PrimeKit02.09.30\7.4.4.invlessecm.nb <-- reed.edu /home/physics/crandall/legal/PSI/PrimeKit02.09.30 7.4.4.invlessecm.nb
102.10.04 10:13 B C:\web\primekit\PrimeKit02.09.30\7.5.1.intersection.nb <-- reed.edu /home/physics/crandall/legal/PSI/PrimeKit02.09.30 7.5.1.intersection.nb
102.10.04 10:13 B C:\web\primekit\PrimeKit02.09.30\7.5.10.cmexplicit.nb <-- reed.edu /home/physics/crandall/legal/PSI/PrimeKit02.09.30 7.5.10.cmexplicit.nb
102.10.04 10:13 B C:\web\primekit\PrimeKit02.09.30\7.5.3.shanksmestre.nb <-- reed.edu /home/physics/crandall/legal/PSI/PrimeKit02.09.30 7.5.3.shanksmestre.nb
102.10.04 10:13 B C:\web\primekit\PrimeKit02.09.30\7.5.6.schoof.nb <-- reed.edu /home/physics/crandall/legal/PSI/PrimeKit02.09.30 7.5.6.schoof.nb
102.10.04 10:13 B C:\web\primekit\PrimeKit02.09.30\7.5.8.class.nb <-- reed.edu /home/physics/crandall/legal/PSI/PrimeKit02.09.30 7.5.8.class.nb
102.10.04 10:13 B C:\web\primekit\PrimeKit02.09.30\7.5.9.cmgenerator.nb <-- reed.edu /home/physics/crandall/legal/PSI/PrimeKit02.09.30 7.5.9.cmgenerator.nb
102.10.04 10:13 B C:\web\primekit\PrimeKit02.09.30\7.6.2.goldkil.nb <-- reed.edu /home/physics/crandall/legal/PSI/PrimeKit02.09.30 7.6.2.goldkil.nb
102.10.04 10:13 B C:\web\primekit\PrimeKit02.09.30\7.6.3.atkinmorain.nb <-- reed.edu /home/physics/crandall/legal/PSI/PrimeKit02.09.30 7.6.3.atkinmorain.nb
102.10.04 10:13 B C:\web\primekit\PrimeKit02.09.30\8.1.1.diffiehellman.nb <-- reed.edu /home/physics/crandall/legal/PSI/PrimeKit02.09.30 8.1.1.diffiehellman.nb
102.10.04 10:13 B C:\web\primekit\PrimeKit02.09.30\8.1.10.directembed.nb <-- reed.edu /home/physics/crandall/legal/PSI/PrimeKit02.09.30 8.1.10.directembed.nb
102.10.04 10:13 B C:\web\primekit\PrimeKit02.09.30\8.1.11.coinflip.nb <-- reed.edu /home/physics/crandall/legal/PSI/PrimeKit02.09.30 8.1.11.coinflip.nb
102.10.04 10:13 B C:\web\primekit\PrimeKit02.09.30\8.1.2.rsakeys.nb <-- reed.edu /home/physics/crandall/legal/PSI/PrimeKit02.09.30 8.1.2.rsakeys.nb
102.10.04 10:13 B C:\web\primekit\PrimeKit02.09.30\8.1.3.rsaencdec.nb <-- reed.edu /home/physics/crandall/legal/PSI/PrimeKit02.09.30 8.1.3.rsaencdec.nb
102.10.04 10:13 B C:\web\primekit\PrimeKit02.09.30\8.1.4.rsasig.nb <-- reed.edu /home/physics/crandall/legal/PSI/PrimeKit02.09.30 8.1.4.rsasig.nb
102.10.04 10:13 B C:\web\primekit\PrimeKit02.09.30\8.1.5.rsasigsoph.nb <-- reed.edu /home/physics/crandall/legal/PSI/PrimeKit02.09.30 8.1.5.rsasigsoph.nb
102.10.04 10:13 B C:\web\primekit\PrimeKit02.09.30\8.1.6.ecckeyex.nb <-- reed.edu /home/physics/crandall/legal/PSI/PrimeKit02.09.30 8.1.6.ecckeyex.nb
102.10.04 10:13 B C:\web\primekit\PrimeKit02.09.30\8.1.7.primeordpt.nb <-- reed.edu /home/physics/crandall/legal/PSI/PrimeKit02.09.30 8.1.7.primeordpt.nb
102.10.04 10:13 B C:\web\primekit\PrimeKit02.09.30\8.1.8.ecdsa.nb <-- reed.edu /home/physics/crandall/legal/PSI/PrimeKit02.09.30 8.1.8.ecdsa.nb
102.10.04 10:13 B C:\web\primekit\PrimeKit02.09.30\8.2.2.knuthlewis.nb <-- reed.edu /home/physics/crandall/legal/PSI/PrimeKit02.09.30 8.2.2.knuthlewis.nb
102.10.04 10:13 B C:\web\primekit\PrimeKit02.09.30\8.2.3.fast61bit.nb <-- reed.edu /home/physics/crandall/legal/PSI/PrimeKit02.09.30 8.2.3.fast61bit.nb
102.10.04 10:13 B C:\web\primekit\PrimeKit02.09.30\8.2.5.longperiod.nb <-- reed.edu /home/physics/crandall/legal/PSI/PrimeKit02.09.30 8.2.5.longperiod.nb
102.10.04 10:13 B C:\web\primekit\PrimeKit02.09.30\8.2.7.simplefast.nb <-- reed.edu /home/physics/crandall/legal/PSI/PrimeKit02.09.30 8.2.7.simplefast.nb
102.10.04 10:13 B C:\web\primekit\PrimeKit02.09.30\8.3.6.fastqmc.nb <-- reed.edu /home/physics/crandall/legal/PSI/PrimeKit02.09.30 8.3.6.fastqmc.nb
102.10.04 10:13 B C:\web\primekit\PrimeKit02.09.30\8.3.7.qmcintegrate.nb <-- reed.edu /home/physics/crandall/legal/PSI/PrimeKit02.09.30 8.3.7.qmcintegrate.nb
102.10.04 10:13 B C:\web\primekit\PrimeKit02.09.30\8.5.2.shorfactoring.nb <-- reed.edu /home/physics/crandall/legal/PSI/PrimeKit02.09.30 8.5.2.shorfactoring.nb
102.10.04 10:13 B C:\web\primekit\PrimeKit02.09.30\9.1.3.binarydiv.nb <-- reed.edu /home/physics/crandall/legal/PSI/PrimeKit02.09.30 9.1.3.binarydiv.nb
102.10.04 10:13 B C:\web\primekit\PrimeKit02.09.30\9.1.4.binarymulmod.nb <-- reed.edu /home/physics/crandall/legal/PSI/PrimeKit02.09.30 9.1.4.binarymulmod.nb
102.10.04 10:13 B C:\web\primekit\PrimeKit02.09.30\9.2.10.divfreemod.nb <-- reed.edu /home/physics/crandall/legal/PSI/PrimeKit02.09.30 9.2.10.divfreemod.nb
102.10.04 10:13 B C:\web\primekit\PrimeKit02.09.30\9.2.11.squarerootint.nb <-- reed.edu /home/physics/crandall/legal/PSI/PrimeKit02.09.30 9.2.11.squarerootint.nb
102.10.04 10:13 B C:\web\primekit\PrimeKit02.09.30\9.2.13.fastmod.nb <-- reed.edu /home/physics/crandall/legal/PSI/PrimeKit02.09.30 9.2.13.fastmod.nb
102.10.04 10:13 B C:\web\primekit\PrimeKit02.09.30\9.2.14.prothmoduli.nb <-- reed.edu /home/physics/crandall/legal/PSI/PrimeKit02.09.30 9.2.14.prothmoduli.nb
102.10.04 10:13 B C:\web\primekit\PrimeKit02.09.30\9.2.5.monproduct.nb <-- reed.edu /home/physics/crandall/legal/PSI/PrimeKit02.09.30 9.2.5.monproduct.nb
102.10.04 10:13 B C:\web\primekit\PrimeKit02.09.30\9.2.6.monppower.nb <-- reed.edu /home/physics/crandall/legal/PSI/PrimeKit02.09.30 9.2.6.monppower.nb
102.10.04 10:13 B C:\web\primekit\PrimeKit02.09.30\9.2.8.genrecip.nb <-- reed.edu /home/physics/crandall/legal/PSI/PrimeKit02.09.30 9.2.8.genrecip.nb
102.10.04 10:13 B C:\web\primekit\PrimeKit02.09.30\9.3.1.leftrightladder.nb <-- reed.edu /home/physics/crandall/legal/PSI/PrimeKit02.09.30 9.3.1.leftrightladder.nb
102.10.04 10:13 B C:\web\primekit\PrimeKit02.09.30\9.3.2.rightleftladder.nb <-- reed.edu /home/physics/crandall/legal/PSI/PrimeKit02.09.30 9.3.2.rightleftladder.nb
102.10.04 10:13 B C:\web\primekit\PrimeKit02.09.30\9.3.3.windowladder.nb <-- reed.edu /home/physics/crandall/legal/PSI/PrimeKit02.09.30 9.3.3.windowladder.nb
102.10.04 10:13 B C:\web\primekit\PrimeKit02.09.30\9.3.4.fixedxladder.nb <-- reed.edu /home/physics/crandall/legal/PSI/PrimeKit02.09.30 9.3.4.fixedxladder.nb
102.10.04 10:13 B C:\web\primekit\PrimeKit02.09.30\9.4.2.binarygcd.nb <-- reed.edu /home/physics/crandall/legal/PSI/PrimeKit02.09.30 9.4.2.binarygcd.nb
102.10.04 10:13 B C:\web\primekit\PrimeKit02.09.30\9.4.3.extendedbinary.nb <-- reed.edu /home/physics/crandall/legal/PSI/PrimeKit02.09.30 9.4.3.extendedbinary.nb
102.10.04 10:13 B C:\web\primekit\PrimeKit02.09.30\9.4.4.primeinverse.nb <-- reed.edu /home/physics/crandall/legal/PSI/PrimeKit02.09.30 9.4.4.primeinverse.nb
102.10.04 10:13 B C:\web\primekit\PrimeKit02.09.30\9.4.5.relationalinverse.nb <-- reed.edu /home/physics/crandall/legal/PSI/PrimeKit02.09.30 9.4.5.relationalinverse.nb
102.10.04 10:13 B C:\web\primekit\PrimeKit02.09.30\9.4.6.recurvisegcd..nb <-- reed.edu /home/physics/crandall/legal/PSI/PrimeKit02.09.30 9.4.6.recurvisegcd..nb
102.10.04 10:13 B C:\web\primekit\PrimeKit02.09.30\9.5.1.toomcook.nb <-- reed.edu /home/physics/crandall/legal/PSI/PrimeKit02.09.30 9.5.1.toomcook.nb
102.10.04 10:13 B C:\web\primekit\PrimeKit02.09.30\9.5.11.fftmul.nb <-- reed.edu /home/physics/crandall/legal/PSI/PrimeKit02.09.30 9.5.11.fftmul.nb
102.10.04 10:13 B C:\web\primekit\PrimeKit02.09.30\9.5.16.fermatmul.nb <-- reed.edu /home/physics/crandall/legal/PSI/PrimeKit02.09.30 9.5.16.fermatmul.nb
102.10.04 10:13 B C:\web\primekit\PrimeKit02.09.30\9.5.18.ibdwtmul.nb <-- reed.edu /home/physics/crandall/legal/PSI/PrimeKit02.09.30 9.5.18.ibdwtmul.nb
102.10.04 10:13 B C:\web\primekit\PrimeKit02.09.30\9.5.19.crtcon.nb <-- reed.edu /home/physics/crandall/legal/PSI/PrimeKit02.09.30 9.5.19.crtcon.nb
102.10.04 10:13 B C:\web\primekit\PrimeKit02.09.30\9.5.2.toomcook3.nb <-- reed.edu /home/physics/crandall/legal/PSI/PrimeKit02.09.30 9.5.2.toomcook3.nb
102.10.04 10:13 B C:\web\primekit\PrimeKit02.09.30\9.5.21.dgtcon.nb <-- reed.edu /home/physics/crandall/legal/PSI/PrimeKit02.09.30 9.5.21.dgtcon.nb
102.10.04 10:13 B C:\web\primekit\PrimeKit02.09.30\9.5.22.schonhagemul.nb <-- reed.edu /home/physics/crandall/legal/PSI/PrimeKit02.09.30 9.5.22.schonhagemul.nb
102.10.04 10:13 B C:\web\primekit\PrimeKit02.09.30\9.5.24.nuss.nb <-- reed.edu /home/physics/crandall/legal/PSI/PrimeKit02.09.30 9.5.24.nuss.nb
102.10.04 10:13 B C:\web\primekit\PrimeKit02.09.30\9.5.25.crtpre.nb <-- reed.edu /home/physics/crandall/legal/PSI/PrimeKit02.09.30 9.5.25.crtpre.nb
102.10.04 10:13 B C:\web\primekit\PrimeKit02.09.30\9.5.4.fftrecur.nb <-- reed.edu /home/physics/crandall/legal/PSI/PrimeKit02.09.30 9.5.4.fftrecur.nb
102.10.04 10:13 B C:\web\primekit\PrimeKit02.09.30\9.5.5.fftloops.nb <-- reed.edu /home/physics/crandall/legal/PSI/PrimeKit02.09.30 9.5.5.fftloops.nb
102.10.04 10:13 B C:\web\primekit\PrimeKit02.09.30\9.5.6.pingpongfft.nb <-- reed.edu /home/physics/crandall/legal/PSI/PrimeKit02.09.30 9.5.6.pingpongfft.nb
102.10.04 10:13 B C:\web\primekit\PrimeKit02.09.30\9.5.7.fftbail.nb <-- reed.edu /home/physics/crandall/legal/PSI/PrimeKit02.09.30 9.5.7.fftbail.nb
102.10.04 10:13 B C:\web\primekit\PrimeKit02.09.30\9.6.1.binarysegmul.nb <-- reed.edu /home/physics/crandall/legal/PSI/PrimeKit02.09.30 9.6.1.binarysegmul.nb
102.10.04 10:13 B C:\web\primekit\PrimeKit02.09.30\9.6.2.newtonpolyinv.nb <-- reed.edu /home/physics/crandall/legal/PSI/PrimeKit02.09.30 9.6.2.newtonpolyinv.nb
102.10.04 10:13 B C:\web\primekit\PrimeKit02.09.30\9.6.4.newtonpolyrem.nb <-- reed.edu /home/physics/crandall/legal/PSI/PrimeKit02.09.30 9.6.4.newtonpolyrem.nb
102.10.04 10:13 B C:\web\primekit\PrimeKit02.09.30\9.6.5.arithprogeval.nb <-- reed.edu /home/physics/crandall/legal/PSI/PrimeKit02.09.30 9.6.5.arithprogeval.nb
102.10.04 10:13 B C:\web\primekit\PrimeKit02.09.30\9.6.6.geomprogeval.nb <-- reed.edu /home/physics/crandall/legal/PSI/PrimeKit02.09.30 9.6.6.geomprogeval.nb
102.10.04 10:13 B C:\web\primekit\PrimeKit02.09.30\9.6.7.geneval.nb <-- reed.edu /home/physics/crandall/legal/PSI/PrimeKit02.09.30 9.6.7.geneval.nb
102.10.04 10:13 B C:\web\primekit\PrimeKit02.09.30\README <-- reed.edu /home/physics/crandall/legal/PSI/PrimeKit02.09.30 README
