102.10.04 10:13 B C:\web\primekit\PrimeKit02.09.30\Extras\.DS_Store <-- reed.edu /home/physics/crandall/legal/PSI/PrimeKit02.09.30/Extras .DS_Store
102.10.04 10:13 B C:\web\primekit\PrimeKit02.09.30\Extras\._AKS.c <-- reed.edu /home/physics/crandall/legal/PSI/PrimeKit02.09.30/Extras ._AKS.c
102.10.04 10:13 B C:\web\primekit\PrimeKit02.09.30\Extras\._giants.c <-- reed.edu /home/physics/crandall/legal/PSI/PrimeKit02.09.30/Extras ._giants.c
102.10.04 10:13 B C:\web\primekit\PrimeKit02.09.30\Extras\._tools.c <-- reed.edu /home/physics/crandall/legal/PSI/PrimeKit02.09.30/Extras ._tools.c
102.10.04 10:13 B C:\web\primekit\PrimeKit02.09.30\Extras\._tools.h <-- reed.edu /home/physics/crandall/legal/PSI/PrimeKit02.09.30/Extras ._tools.h
102.10.04 10:13 B C:\web\primekit\PrimeKit02.09.30\Extras\4.1.6(theorem).konpom.nb <-- reed.edu /home/physics/crandall/legal/PSI/PrimeKit02.09.30/Extras 4.1.6(theorem).konpom.nb
102.10.04 10:13 B C:\web\primekit\PrimeKit02.09.30\Extras\8.1.10.embedNoY.nb <-- reed.edu /home/physics/crandall/legal/PSI/PrimeKit02.09.30/Extras 8.1.10.embedNoY.nb
102.10.04 10:13 B C:\web\primekit\PrimeKit02.09.30\Extras\AKS.c <-- reed.edu /home/physics/crandall/legal/PSI/PrimeKit02.09.30/Extras AKS.c
102.10.04 10:13 B C:\web\primekit\PrimeKit02.09.30\Extras\README <-- reed.edu /home/physics/crandall/legal/PSI/PrimeKit02.09.30/Extras README
102.10.04 10:13 B C:\web\primekit\PrimeKit02.09.30\Extras\ShorFactorAlgorithm.nb <-- reed.edu /home/physics/crandall/legal/PSI/PrimeKit02.09.30/Extras ShorFactorAlgorithm.nb
102.10.04 10:13 B C:\web\primekit\PrimeKit02.09.30\Extras\disc.h <-- reed.edu /home/physics/crandall/legal/PSI/PrimeKit02.09.30/Extras disc.h
102.10.04 10:13 B C:\web\primekit\PrimeKit02.09.30\Extras\ellaffi.c <-- reed.edu /home/physics/crandall/legal/PSI/PrimeKit02.09.30/Extras ellaffi.c
102.10.04 10:13 B C:\web\primekit\PrimeKit02.09.30\Extras\ellaffi.h <-- reed.edu /home/physics/crandall/legal/PSI/PrimeKit02.09.30/Extras ellaffi.h
102.10.04 10:13 B C:\web\primekit\PrimeKit02.09.30\Extras\ellmont.c <-- reed.edu /home/physics/crandall/legal/PSI/PrimeKit02.09.30/Extras ellmont.c
102.10.04 10:13 B C:\web\primekit\PrimeKit02.09.30\Extras\ellmont.h <-- reed.edu /home/physics/crandall/legal/PSI/PrimeKit02.09.30/Extras ellmont.h
102.10.04 10:13 B C:\web\primekit\PrimeKit02.09.30\Extras\ellproj.c <-- reed.edu /home/physics/crandall/legal/PSI/PrimeKit02.09.30/Extras ellproj.c
102.10.04 10:13 B C:\web\primekit\PrimeKit02.09.30\Extras\ellproj.h <-- reed.edu /home/physics/crandall/legal/PSI/PrimeKit02.09.30/Extras ellproj.h
102.10.04 10:13 B C:\web\primekit\PrimeKit02.09.30\Extras\factor.c <-- reed.edu /home/physics/crandall/legal/PSI/PrimeKit02.09.30/Extras factor.c
102.10.04 10:13 B C:\web\primekit\PrimeKit02.09.30\Extras\fmodule.c <-- reed.edu /home/physics/crandall/legal/PSI/PrimeKit02.09.30/Extras fmodule.c
102.10.04 10:13 B C:\web\primekit\PrimeKit02.09.30\Extras\fmodule.h <-- reed.edu /home/physics/crandall/legal/PSI/PrimeKit02.09.30/Extras fmodule.h
102.10.04 10:13 B C:\web\primekit\PrimeKit02.09.30\Extras\giants.c <-- reed.edu /home/physics/crandall/legal/PSI/PrimeKit02.09.30/Extras giants.c
102.10.04 10:13 B C:\web\primekit\PrimeKit02.09.30\Extras\giants.h <-- reed.edu /home/physics/crandall/legal/PSI/PrimeKit02.09.30/Extras giants.h
102.10.04 10:13 B C:\web\primekit\PrimeKit02.09.30\Extras\powerroot.nb <-- reed.edu /home/physics/crandall/legal/PSI/PrimeKit02.09.30/Extras powerroot.nb
102.10.04 10:13 B C:\web\primekit\PrimeKit02.09.30\Extras\schoof.c <-- reed.edu /home/physics/crandall/legal/PSI/PrimeKit02.09.30/Extras schoof.c
102.10.04 10:13 B C:\web\primekit\PrimeKit02.09.30\Extras\tools.c <-- reed.edu /home/physics/crandall/legal/PSI/PrimeKit02.09.30/Extras tools.c
102.10.04 10:13 B C:\web\primekit\PrimeKit02.09.30\Extras\tools.h <-- reed.edu /home/physics/crandall/legal/PSI/PrimeKit02.09.30/Extras tools.h
102.10.04 10:13 B C:\web\primekit\PrimeKit02.09.30\Extras\tutor0.c <-- reed.edu /home/physics/crandall/legal/PSI/PrimeKit02.09.30/Extras tutor0.c
102.10.04 10:13 B C:\web\primekit\PrimeKit02.09.30\Extras\tutor1.c <-- reed.edu /home/physics/crandall/legal/PSI/PrimeKit02.09.30/Extras tutor1.c
102.10.04 10:13 B C:\web\primekit\PrimeKit02.09.30\Extras\tutor2.c <-- reed.edu /home/physics/crandall/legal/PSI/PrimeKit02.09.30/Extras tutor2.c
102.10.04 10:13 B C:\web\primekit\PrimeKit02.09.30\Extras\tutor3.c <-- reed.edu /home/physics/crandall/legal/PSI/PrimeKit02.09.30/Extras tutor3.c
102.10.04 10:13 B C:\web\primekit\PrimeKit02.09.30\Extras\tutor4.c <-- reed.edu /home/physics/crandall/legal/PSI/PrimeKit02.09.30/Extras tutor4.c
102.10.04 10:13 B C:\web\primekit\PrimeKit02.09.30\Extras\tutor5.c <-- reed.edu /home/physics/crandall/legal/PSI/PrimeKit02.09.30/Extras tutor5.c
102.10.04 10:13 B C:\web\primekit\PrimeKit02.09.30\Extras\tutor6.c <-- reed.edu /home/physics/crandall/legal/PSI/PrimeKit02.09.30/Extras tutor6.c
102.10.04 10:13 B C:\web\primekit\PrimeKit02.09.30\Extras\tutor7.c <-- reed.edu /home/physics/crandall/legal/PSI/PrimeKit02.09.30/Extras tutor7.c
